<?xml version="1.0" encoding="UTF-8"?>
<!-- Generated by org.testng.reporters.JUnitXMLReporter -->
<testsuite hostname="emb-ban-149" name="Test" tests="14" failures="1" timestamp="26 Feb 2018 13:16:26 GMT" time="294.058" errors="0">
  <testcase name="verifyUIforDP" time="5.488" classname="TestCases.HomePageTC"/>
  <testcase name="verifydelvrservicable" time="5.371" classname="TestCases.HomePageTC"/>
  <testcase name="login" time="73.085" classname="TestCases.LoginTC">
    <failure type="java.lang.NullPointerException">
      <![CDATA[java.lang.NullPointerException
	at globals.Globles.scrollBy(Globles.java:478)
	at TestCases.LoginTC.login(LoginTC.java:46)
... Removed 24 stack frames]]>
    </failure>
  </testcase> <!-- login -->
  <testcase name="trendingSearch" time="40.295" classname="TestCases.SearchTC"/>
  <testcase name="verifyCartPopUp" time="16.749" classname="TestCases.CartPageTC"/>
  <testcase name="verifyCartPage" time="16.764" classname="TestCases.CartPageTC"/>
  <testcase name="verifyUIinCOA" time="5.281" classname="TestCases.CheckOutTC"/>
  <testcase name="createAddresCOA" time="65.079" classname="TestCases.CheckOutTC"/>
  <testcase name="delslotselection" time="21.9" classname="TestCases.CheckOutTC"/>
  <testcase name="verifyingTheOrdertotal" time="0.102" classname="TestCases.CheckOutTC"/>
  <testcase name="clickPayButtonInCOA" time="5.229" classname="TestCases.CheckOutTC"/>
  <testcase name="OrderSummary" time="19.336" classname="TestCases.CheckOutTC"/>
  <testcase name="verifyOrderSuccess" time="5.995" classname="TestCases.OrderSuccessPage"/>
  <testcase name="logout" time="13.339" classname="TestCases.OrderSuccessPage"/>
</testsuite> <!-- Test -->
