<?xml version="1.0" encoding="UTF-8"?>
<testng-results skipped="0" failed="1" total="14" passed="13">
  <reporter-output>
  </reporter-output>
  <suite name="Suite" duration-ms="294058" started-at="2018-02-26T13:11:32Z" finished-at="2018-02-26T13:16:26Z">
    <groups>
    </groups>
    <test name="Test" duration-ms="294058" started-at="2018-02-26T13:11:32Z" finished-at="2018-02-26T13:16:26Z">
      <class name="TestCases.OrderSuccessPage">
        <test-method status="PASS" signature="verifyOrderSuccess()[pri:13, instance:TestCases.OrderSuccessPage@ae45eb6]" name="verifyOrderSuccess" duration-ms="5995" started-at="2018-02-26T18:46:06Z" finished-at="2018-02-26T18:46:12Z">
          <reporter-output>
          </reporter-output>
        </test-method> <!-- verifyOrderSuccess -->
        <test-method status="PASS" signature="logout()[pri:14, instance:TestCases.OrderSuccessPage@ae45eb6]" name="logout" duration-ms="13339" started-at="2018-02-26T18:46:12Z" finished-at="2018-02-26T18:46:26Z">
          <reporter-output>
          </reporter-output>
        </test-method> <!-- logout -->
      </class> <!-- TestCases.OrderSuccessPage -->
      <class name="TestCases.LoginTC">
        <test-method status="FAIL" signature="login()[pri:3, instance:TestCases.LoginTC@5e5792a0]" name="login" duration-ms="73085" started-at="2018-02-26T18:41:43Z" finished-at="2018-02-26T18:42:56Z">
          <exception class="java.lang.NullPointerException">
            <full-stacktrace>
              <![CDATA[java.lang.NullPointerException
	at globals.Globles.scrollBy(Globles.java:478)
	at TestCases.LoginTC.login(LoginTC.java:46)
	at sun.reflect.NativeMethodAccessorImpl.invoke0(Native Method)
	at sun.reflect.NativeMethodAccessorImpl.invoke(Unknown Source)
	at sun.reflect.DelegatingMethodAccessorImpl.invoke(Unknown Source)
	at java.lang.reflect.Method.invoke(Unknown Source)
	at org.testng.internal.MethodInvocationHelper.invokeMethod(MethodInvocationHelper.java:85)
	at org.testng.internal.Invoker.invokeMethod(Invoker.java:639)
	at org.testng.internal.Invoker.invokeTestMethod(Invoker.java:816)
	at org.testng.internal.Invoker.invokeTestMethods(Invoker.java:1124)
	at org.testng.internal.TestMethodWorker.invokeTestMethods(TestMethodWorker.java:125)
	at org.testng.internal.TestMethodWorker.run(TestMethodWorker.java:108)
	at org.testng.TestRunner.privateRun(TestRunner.java:774)
	at org.testng.TestRunner.run(TestRunner.java:624)
	at org.testng.SuiteRunner.runTest(SuiteRunner.java:359)
	at org.testng.SuiteRunner.runSequentially(SuiteRunner.java:354)
	at org.testng.SuiteRunner.privateRun(SuiteRunner.java:312)
	at org.testng.SuiteRunner.run(SuiteRunner.java:261)
	at org.testng.SuiteRunnerWorker.runSuite(SuiteRunnerWorker.java:52)
	at org.testng.SuiteRunnerWorker.run(SuiteRunnerWorker.java:86)
	at org.testng.TestNG.runSuitesSequentially(TestNG.java:1215)
	at org.testng.TestNG.runSuitesLocally(TestNG.java:1140)
	at org.testng.TestNG.run(TestNG.java:1048)
	at org.testng.remote.AbstractRemoteTestNG.run(AbstractRemoteTestNG.java:114)
	at org.testng.remote.RemoteTestNG.initAndRun(RemoteTestNG.java:251)
	at org.testng.remote.RemoteTestNG.main(RemoteTestNG.java:77)
]]>
            </full-stacktrace>
          </exception> <!-- java.lang.NullPointerException -->
          <reporter-output>
          </reporter-output>
        </test-method> <!-- login -->
      </class> <!-- TestCases.LoginTC -->
      <class name="TestCases.BaseClass">
        <test-method status="PASS" signature="launchBrowser(java.lang.String, java.lang.String)[pri:0, instance:TestCases.BaseClass@29774679]" name="launchBrowser" is-config="true" duration-ms="10143" started-at="2018-02-26T18:41:22Z" finished-at="2018-02-26T18:41:32Z">
          <params>
            <param index="0">
              <value>
                <![CDATA[chrome]]>
              </value>
            </param>
            <param index="1">
              <value>
                <![CDATA[https://beta.spencers.in/]]>
              </value>
            </param>
          </params>
          <reporter-output>
          </reporter-output>
        </test-method> <!-- launchBrowser -->
        <test-method status="PASS" signature="quitBrowser()[pri:0, instance:TestCases.BaseClass@29774679]" name="quitBrowser" is-config="true" duration-ms="1425" started-at="2018-02-26T18:46:26Z" finished-at="2018-02-26T18:46:27Z">
          <reporter-output>
          </reporter-output>
        </test-method> <!-- quitBrowser -->
      </class> <!-- TestCases.BaseClass -->
      <class name="TestCases.CheckOutTC">
        <test-method status="PASS" signature="verifyUIinCOA()[pri:7, instance:TestCases.CheckOutTC@68c4039c]" name="verifyUIinCOA" duration-ms="5281" started-at="2018-02-26T18:44:09Z" finished-at="2018-02-26T18:44:15Z">
          <reporter-output>
          </reporter-output>
        </test-method> <!-- verifyUIinCOA -->
        <test-method status="PASS" signature="createAddresCOA()[pri:8, instance:TestCases.CheckOutTC@68c4039c]" name="createAddresCOA" duration-ms="65079" started-at="2018-02-26T18:44:15Z" finished-at="2018-02-26T18:45:20Z">
          <reporter-output>
          </reporter-output>
        </test-method> <!-- createAddresCOA -->
        <test-method status="PASS" signature="delslotselection()[pri:9, instance:TestCases.CheckOutTC@68c4039c]" name="delslotselection" duration-ms="21900" started-at="2018-02-26T18:45:20Z" finished-at="2018-02-26T18:45:42Z">
          <reporter-output>
          </reporter-output>
        </test-method> <!-- delslotselection -->
        <test-method status="PASS" signature="verifyingTheOrdertotal()[pri:10, instance:TestCases.CheckOutTC@68c4039c]" name="verifyingTheOrdertotal" duration-ms="102" started-at="2018-02-26T18:45:42Z" finished-at="2018-02-26T18:45:42Z">
          <reporter-output>
          </reporter-output>
        </test-method> <!-- verifyingTheOrdertotal -->
        <test-method status="PASS" signature="clickPayButtonInCOA()[pri:11, instance:TestCases.CheckOutTC@68c4039c]" name="clickPayButtonInCOA" duration-ms="5229" started-at="2018-02-26T18:45:42Z" finished-at="2018-02-26T18:45:47Z">
          <reporter-output>
          </reporter-output>
        </test-method> <!-- clickPayButtonInCOA -->
        <test-method status="PASS" signature="OrderSummary()[pri:12, instance:TestCases.CheckOutTC@68c4039c]" name="OrderSummary" duration-ms="19336" started-at="2018-02-26T18:45:47Z" finished-at="2018-02-26T18:46:06Z">
          <reporter-output>
          </reporter-output>
        </test-method> <!-- OrderSummary -->
      </class> <!-- TestCases.CheckOutTC -->
      <class name="TestCases.HomePageTC">
        <test-method status="PASS" signature="verifyUIforDP()[pri:1, instance:TestCases.HomePageTC@3ffc5af1]" name="verifyUIforDP" duration-ms="5488" started-at="2018-02-26T18:41:32Z" finished-at="2018-02-26T18:41:37Z">
          <reporter-output>
          </reporter-output>
        </test-method> <!-- verifyUIforDP -->
        <test-method status="PASS" signature="verifydelvrservicable()[pri:2, instance:TestCases.HomePageTC@3ffc5af1]" name="verifydelvrservicable" duration-ms="5371" started-at="2018-02-26T18:41:37Z" finished-at="2018-02-26T18:41:43Z">
          <reporter-output>
          </reporter-output>
        </test-method> <!-- verifydelvrservicable -->
      </class> <!-- TestCases.HomePageTC -->
      <class name="TestCases.CartPageTC">
        <test-method status="PASS" signature="verifyCartPopUp()[pri:5, instance:TestCases.CartPageTC@3532ec19]" name="verifyCartPopUp" duration-ms="16749" started-at="2018-02-26T18:43:36Z" finished-at="2018-02-26T18:43:53Z">
          <reporter-output>
          </reporter-output>
        </test-method> <!-- verifyCartPopUp -->
        <test-method status="PASS" signature="verifyCartPage()[pri:6, instance:TestCases.CartPageTC@3532ec19]" name="verifyCartPage" duration-ms="16764" started-at="2018-02-26T18:43:53Z" finished-at="2018-02-26T18:44:09Z">
          <reporter-output>
          </reporter-output>
        </test-method> <!-- verifyCartPage -->
      </class> <!-- TestCases.CartPageTC -->
      <class name="TestCases.SearchTC">
        <test-method status="PASS" signature="trendingSearch()[pri:4, instance:TestCases.SearchTC@26653222]" name="trendingSearch" duration-ms="40295" started-at="2018-02-26T18:42:56Z" finished-at="2018-02-26T18:43:36Z">
          <reporter-output>
          </reporter-output>
        </test-method> <!-- trendingSearch -->
      </class> <!-- TestCases.SearchTC -->
    </test> <!-- Test -->
  </suite> <!-- Suite -->
</testng-results>
